mode: set
github.com/CaiqueSM/bootcamp-golang.git/go-web/Aula_04/Exercicio_01/internal/usuarios/repository.go:35.50,37.39 2 1
github.com/CaiqueSM/bootcamp-golang.git/go-web/Aula_04/Exercicio_01/internal/usuarios/repository.go:40.2,40.16 1 1
github.com/CaiqueSM/bootcamp-golang.git/go-web/Aula_04/Exercicio_01/internal/usuarios/repository.go:37.39,39.3 1 0
github.com/CaiqueSM/bootcamp-golang.git/go-web/Aula_04/Exercicio_01/internal/usuarios/repository.go:43.139,45.39 2 0
github.com/CaiqueSM/bootcamp-golang.git/go-web/Aula_04/Exercicio_01/internal/usuarios/repository.go:48.2,50.39 3 0
github.com/CaiqueSM/bootcamp-golang.git/go-web/Aula_04/Exercicio_01/internal/usuarios/repository.go:53.2,53.15 1 0
github.com/CaiqueSM/bootcamp-golang.git/go-web/Aula_04/Exercicio_01/internal/usuarios/repository.go:45.39,47.3 1 0
github.com/CaiqueSM/bootcamp-golang.git/go-web/Aula_04/Exercicio_01/internal/usuarios/repository.go:50.39,52.3 1 0
github.com/CaiqueSM/bootcamp-golang.git/go-web/Aula_04/Exercicio_01/internal/usuarios/repository.go:56.46,58.39 2 0
github.com/CaiqueSM/bootcamp-golang.git/go-web/Aula_04/Exercicio_01/internal/usuarios/repository.go:61.2,61.18 1 0
github.com/CaiqueSM/bootcamp-golang.git/go-web/Aula_04/Exercicio_01/internal/usuarios/repository.go:64.2,64.30 1 0
github.com/CaiqueSM/bootcamp-golang.git/go-web/Aula_04/Exercicio_01/internal/usuarios/repository.go:58.39,60.3 1 0
github.com/CaiqueSM/bootcamp-golang.git/go-web/Aula_04/Exercicio_01/internal/usuarios/repository.go:61.18,63.3 1 0
github.com/CaiqueSM/bootcamp-golang.git/go-web/Aula_04/Exercicio_01/internal/usuarios/repository.go:67.140,70.39 3 1
github.com/CaiqueSM/bootcamp-golang.git/go-web/Aula_04/Exercicio_01/internal/usuarios/repository.go:73.2,74.20 2 1
github.com/CaiqueSM/bootcamp-golang.git/go-web/Aula_04/Exercicio_01/internal/usuarios/repository.go:82.2,82.14 1 1
github.com/CaiqueSM/bootcamp-golang.git/go-web/Aula_04/Exercicio_01/internal/usuarios/repository.go:86.2,86.39 1 1
github.com/CaiqueSM/bootcamp-golang.git/go-web/Aula_04/Exercicio_01/internal/usuarios/repository.go:90.2,90.15 1 1
github.com/CaiqueSM/bootcamp-golang.git/go-web/Aula_04/Exercicio_01/internal/usuarios/repository.go:70.39,72.3 1 0
github.com/CaiqueSM/bootcamp-golang.git/go-web/Aula_04/Exercicio_01/internal/usuarios/repository.go:74.20,75.21 1 1
github.com/CaiqueSM/bootcamp-golang.git/go-web/Aula_04/Exercicio_01/internal/usuarios/repository.go:75.21,79.4 3 1
github.com/CaiqueSM/bootcamp-golang.git/go-web/Aula_04/Exercicio_01/internal/usuarios/repository.go:82.14,84.3 1 0
github.com/CaiqueSM/bootcamp-golang.git/go-web/Aula_04/Exercicio_01/internal/usuarios/repository.go:86.39,88.3 1 0
github.com/CaiqueSM/bootcamp-golang.git/go-web/Aula_04/Exercicio_01/internal/usuarios/repository.go:93.100,96.39 3 1
github.com/CaiqueSM/bootcamp-golang.git/go-web/Aula_04/Exercicio_01/internal/usuarios/repository.go:99.2,100.20 2 1
github.com/CaiqueSM/bootcamp-golang.git/go-web/Aula_04/Exercicio_01/internal/usuarios/repository.go:109.2,109.14 1 1
github.com/CaiqueSM/bootcamp-golang.git/go-web/Aula_04/Exercicio_01/internal/usuarios/repository.go:113.2,113.39 1 1
github.com/CaiqueSM/bootcamp-golang.git/go-web/Aula_04/Exercicio_01/internal/usuarios/repository.go:117.2,117.15 1 1
github.com/CaiqueSM/bootcamp-golang.git/go-web/Aula_04/Exercicio_01/internal/usuarios/repository.go:96.39,98.3 1 0
github.com/CaiqueSM/bootcamp-golang.git/go-web/Aula_04/Exercicio_01/internal/usuarios/repository.go:100.20,101.21 1 1
github.com/CaiqueSM/bootcamp-golang.git/go-web/Aula_04/Exercicio_01/internal/usuarios/repository.go:101.21,106.4 4 1
github.com/CaiqueSM/bootcamp-golang.git/go-web/Aula_04/Exercicio_01/internal/usuarios/repository.go:109.14,111.3 1 0
github.com/CaiqueSM/bootcamp-golang.git/go-web/Aula_04/Exercicio_01/internal/usuarios/repository.go:113.39,115.3 1 0
github.com/CaiqueSM/bootcamp-golang.git/go-web/Aula_04/Exercicio_01/internal/usuarios/repository.go:120.45,122.39 2 1
github.com/CaiqueSM/bootcamp-golang.git/go-web/Aula_04/Exercicio_01/internal/usuarios/repository.go:126.2,128.20 3 1
github.com/CaiqueSM/bootcamp-golang.git/go-web/Aula_04/Exercicio_01/internal/usuarios/repository.go:134.2,134.14 1 1
github.com/CaiqueSM/bootcamp-golang.git/go-web/Aula_04/Exercicio_01/internal/usuarios/repository.go:137.2,139.39 2 1
github.com/CaiqueSM/bootcamp-golang.git/go-web/Aula_04/Exercicio_01/internal/usuarios/repository.go:142.2,142.12 1 1
github.com/CaiqueSM/bootcamp-golang.git/go-web/Aula_04/Exercicio_01/internal/usuarios/repository.go:122.39,124.3 1 0
github.com/CaiqueSM/bootcamp-golang.git/go-web/Aula_04/Exercicio_01/internal/usuarios/repository.go:128.20,129.21 1 1
github.com/CaiqueSM/bootcamp-golang.git/go-web/Aula_04/Exercicio_01/internal/usuarios/repository.go:129.21,132.4 2 1
github.com/CaiqueSM/bootcamp-golang.git/go-web/Aula_04/Exercicio_01/internal/usuarios/repository.go:134.14,136.3 1 1
github.com/CaiqueSM/bootcamp-golang.git/go-web/Aula_04/Exercicio_01/internal/usuarios/repository.go:139.39,141.3 1 0
github.com/CaiqueSM/bootcamp-golang.git/go-web/Aula_04/Exercicio_01/internal/usuarios/repository.go:145.47,149.2 1 1
github.com/CaiqueSM/bootcamp-golang.git/go-web/Aula_04/Exercicio_01/internal/usuarios/service.go:15.39,19.2 1 1
github.com/CaiqueSM/bootcamp-golang.git/go-web/Aula_04/Exercicio_01/internal/usuarios/service.go:21.46,23.16 2 1
github.com/CaiqueSM/bootcamp-golang.git/go-web/Aula_04/Exercicio_01/internal/usuarios/service.go:26.2,26.16 1 1
github.com/CaiqueSM/bootcamp-golang.git/go-web/Aula_04/Exercicio_01/internal/usuarios/service.go:23.16,25.3 1 0
github.com/CaiqueSM/bootcamp-golang.git/go-web/Aula_04/Exercicio_01/internal/usuarios/service.go:29.125,31.16 2 0
github.com/CaiqueSM/bootcamp-golang.git/go-web/Aula_04/Exercicio_01/internal/usuarios/service.go:35.2,39.16 3 0
github.com/CaiqueSM/bootcamp-golang.git/go-web/Aula_04/Exercicio_01/internal/usuarios/service.go:43.2,43.21 1 0
github.com/CaiqueSM/bootcamp-golang.git/go-web/Aula_04/Exercicio_01/internal/usuarios/service.go:31.16,33.3 1 0
github.com/CaiqueSM/bootcamp-golang.git/go-web/Aula_04/Exercicio_01/internal/usuarios/service.go:39.16,41.3 1 0
github.com/CaiqueSM/bootcamp-golang.git/go-web/Aula_04/Exercicio_01/internal/usuarios/service.go:46.136,48.16 2 1
github.com/CaiqueSM/bootcamp-golang.git/go-web/Aula_04/Exercicio_01/internal/usuarios/service.go:51.2,51.21 1 1
github.com/CaiqueSM/bootcamp-golang.git/go-web/Aula_04/Exercicio_01/internal/usuarios/service.go:48.16,50.3 1 0
github.com/CaiqueSM/bootcamp-golang.git/go-web/Aula_04/Exercicio_01/internal/usuarios/service.go:54.96,56.2 1 0
github.com/CaiqueSM/bootcamp-golang.git/go-web/Aula_04/Exercicio_01/internal/usuarios/service.go:58.41,60.16 2 1
github.com/CaiqueSM/bootcamp-golang.git/go-web/Aula_04/Exercicio_01/internal/usuarios/service.go:63.2,63.12 1 1
github.com/CaiqueSM/bootcamp-golang.git/go-web/Aula_04/Exercicio_01/internal/usuarios/service.go:60.16,62.3 1 1
