mode: set
github.com/CaiqueSM/bootcamp-golang.git/go-web/Aula_04/Exercicio_01/internal/usuarios/repository.go:35.50,37.39 2 1
github.com/CaiqueSM/bootcamp-golang.git/go-web/Aula_04/Exercicio_01/internal/usuarios/repository.go:40.2,40.16 1 1
github.com/CaiqueSM/bootcamp-golang.git/go-web/Aula_04/Exercicio_01/internal/usuarios/repository.go:37.39,39.3 1 0
github.com/CaiqueSM/bootcamp-golang.git/go-web/Aula_04/Exercicio_01/internal/usuarios/repository.go:43.139,45.39 2 1
github.com/CaiqueSM/bootcamp-golang.git/go-web/Aula_04/Exercicio_01/internal/usuarios/repository.go:48.2,50.39 3 1
github.com/CaiqueSM/bootcamp-golang.git/go-web/Aula_04/Exercicio_01/internal/usuarios/repository.go:53.2,53.15 1 1
github.com/CaiqueSM/bootcamp-golang.git/go-web/Aula_04/Exercicio_01/internal/usuarios/repository.go:45.39,47.3 1 0
github.com/CaiqueSM/bootcamp-golang.git/go-web/Aula_04/Exercicio_01/internal/usuarios/repository.go:50.39,52.3 1 0
github.com/CaiqueSM/bootcamp-golang.git/go-web/Aula_04/Exercicio_01/internal/usuarios/repository.go:56.46,58.39 2 1
github.com/CaiqueSM/bootcamp-golang.git/go-web/Aula_04/Exercicio_01/internal/usuarios/repository.go:61.2,61.18 1 1
github.com/CaiqueSM/bootcamp-golang.git/go-web/Aula_04/Exercicio_01/internal/usuarios/repository.go:64.2,64.30 1 1
github.com/CaiqueSM/bootcamp-golang.git/go-web/Aula_04/Exercicio_01/internal/usuarios/repository.go:58.39,60.3 1 0
github.com/CaiqueSM/bootcamp-golang.git/go-web/Aula_04/Exercicio_01/internal/usuarios/repository.go:61.18,63.3 1 0
github.com/CaiqueSM/bootcamp-golang.git/go-web/Aula_04/Exercicio_01/internal/usuarios/repository.go:67.140,70.39 3 1
github.com/CaiqueSM/bootcamp-golang.git/go-web/Aula_04/Exercicio_01/internal/usuarios/repository.go:73.2,74.20 2 1
github.com/CaiqueSM/bootcamp-golang.git/go-web/Aula_04/Exercicio_01/internal/usuarios/repository.go:82.2,82.14 1 1
github.com/CaiqueSM/bootcamp-golang.git/go-web/Aula_04/Exercicio_01/internal/usuarios/repository.go:86.2,86.39 1 1
github.com/CaiqueSM/bootcamp-golang.git/go-web/Aula_04/Exercicio_01/internal/usuarios/repository.go:90.2,90.15 1 1
github.com/CaiqueSM/bootcamp-golang.git/go-web/Aula_04/Exercicio_01/internal/usuarios/repository.go:70.39,72.3 1 0
github.com/CaiqueSM/bootcamp-golang.git/go-web/Aula_04/Exercicio_01/internal/usuarios/repository.go:74.20,75.21 1 1
github.com/CaiqueSM/bootcamp-golang.git/go-web/Aula_04/Exercicio_01/internal/usuarios/repository.go:75.21,79.4 3 1
github.com/CaiqueSM/bootcamp-golang.git/go-web/Aula_04/Exercicio_01/internal/usuarios/repository.go:82.14,84.3 1 0
github.com/CaiqueSM/bootcamp-golang.git/go-web/Aula_04/Exercicio_01/internal/usuarios/repository.go:86.39,88.3 1 0
github.com/CaiqueSM/bootcamp-golang.git/go-web/Aula_04/Exercicio_01/internal/usuarios/repository.go:93.100,96.39 3 1
github.com/CaiqueSM/bootcamp-golang.git/go-web/Aula_04/Exercicio_01/internal/usuarios/repository.go:99.2,100.20 2 1
github.com/CaiqueSM/bootcamp-golang.git/go-web/Aula_04/Exercicio_01/internal/usuarios/repository.go:114.2,114.14 1 1
github.com/CaiqueSM/bootcamp-golang.git/go-web/Aula_04/Exercicio_01/internal/usuarios/repository.go:118.2,118.39 1 1
github.com/CaiqueSM/bootcamp-golang.git/go-web/Aula_04/Exercicio_01/internal/usuarios/repository.go:122.2,122.15 1 1
github.com/CaiqueSM/bootcamp-golang.git/go-web/Aula_04/Exercicio_01/internal/usuarios/repository.go:96.39,98.3 1 0
github.com/CaiqueSM/bootcamp-golang.git/go-web/Aula_04/Exercicio_01/internal/usuarios/repository.go:100.20,101.21 1 1
github.com/CaiqueSM/bootcamp-golang.git/go-web/Aula_04/Exercicio_01/internal/usuarios/repository.go:101.21,102.23 1 1
github.com/CaiqueSM/bootcamp-golang.git/go-web/Aula_04/Exercicio_01/internal/usuarios/repository.go:105.4,105.18 1 1
github.com/CaiqueSM/bootcamp-golang.git/go-web/Aula_04/Exercicio_01/internal/usuarios/repository.go:109.4,110.13 2 1
github.com/CaiqueSM/bootcamp-golang.git/go-web/Aula_04/Exercicio_01/internal/usuarios/repository.go:102.23,104.5 1 1
github.com/CaiqueSM/bootcamp-golang.git/go-web/Aula_04/Exercicio_01/internal/usuarios/repository.go:105.18,107.5 1 1
github.com/CaiqueSM/bootcamp-golang.git/go-web/Aula_04/Exercicio_01/internal/usuarios/repository.go:114.14,116.3 1 0
github.com/CaiqueSM/bootcamp-golang.git/go-web/Aula_04/Exercicio_01/internal/usuarios/repository.go:118.39,120.3 1 0
github.com/CaiqueSM/bootcamp-golang.git/go-web/Aula_04/Exercicio_01/internal/usuarios/repository.go:125.45,127.39 2 1
github.com/CaiqueSM/bootcamp-golang.git/go-web/Aula_04/Exercicio_01/internal/usuarios/repository.go:131.2,133.20 3 1
github.com/CaiqueSM/bootcamp-golang.git/go-web/Aula_04/Exercicio_01/internal/usuarios/repository.go:139.2,139.14 1 1
github.com/CaiqueSM/bootcamp-golang.git/go-web/Aula_04/Exercicio_01/internal/usuarios/repository.go:142.2,144.39 2 1
github.com/CaiqueSM/bootcamp-golang.git/go-web/Aula_04/Exercicio_01/internal/usuarios/repository.go:147.2,147.12 1 1
github.com/CaiqueSM/bootcamp-golang.git/go-web/Aula_04/Exercicio_01/internal/usuarios/repository.go:127.39,129.3 1 1
github.com/CaiqueSM/bootcamp-golang.git/go-web/Aula_04/Exercicio_01/internal/usuarios/repository.go:133.20,134.21 1 1
github.com/CaiqueSM/bootcamp-golang.git/go-web/Aula_04/Exercicio_01/internal/usuarios/repository.go:134.21,137.4 2 1
github.com/CaiqueSM/bootcamp-golang.git/go-web/Aula_04/Exercicio_01/internal/usuarios/repository.go:139.14,141.3 1 0
github.com/CaiqueSM/bootcamp-golang.git/go-web/Aula_04/Exercicio_01/internal/usuarios/repository.go:144.39,146.3 1 0
github.com/CaiqueSM/bootcamp-golang.git/go-web/Aula_04/Exercicio_01/internal/usuarios/repository.go:150.47,154.2 1 1
github.com/CaiqueSM/bootcamp-golang.git/go-web/Aula_04/Exercicio_01/internal/usuarios/service.go:15.39,19.2 1 1
github.com/CaiqueSM/bootcamp-golang.git/go-web/Aula_04/Exercicio_01/internal/usuarios/service.go:21.46,23.16 2 1
github.com/CaiqueSM/bootcamp-golang.git/go-web/Aula_04/Exercicio_01/internal/usuarios/service.go:26.2,26.16 1 1
github.com/CaiqueSM/bootcamp-golang.git/go-web/Aula_04/Exercicio_01/internal/usuarios/service.go:23.16,25.3 1 0
github.com/CaiqueSM/bootcamp-golang.git/go-web/Aula_04/Exercicio_01/internal/usuarios/service.go:29.125,31.16 2 1
github.com/CaiqueSM/bootcamp-golang.git/go-web/Aula_04/Exercicio_01/internal/usuarios/service.go:35.2,39.16 3 1
github.com/CaiqueSM/bootcamp-golang.git/go-web/Aula_04/Exercicio_01/internal/usuarios/service.go:43.2,43.21 1 1
github.com/CaiqueSM/bootcamp-golang.git/go-web/Aula_04/Exercicio_01/internal/usuarios/service.go:31.16,33.3 1 0
github.com/CaiqueSM/bootcamp-golang.git/go-web/Aula_04/Exercicio_01/internal/usuarios/service.go:39.16,41.3 1 0
github.com/CaiqueSM/bootcamp-golang.git/go-web/Aula_04/Exercicio_01/internal/usuarios/service.go:46.136,48.16 2 1
github.com/CaiqueSM/bootcamp-golang.git/go-web/Aula_04/Exercicio_01/internal/usuarios/service.go:51.2,51.21 1 1
github.com/CaiqueSM/bootcamp-golang.git/go-web/Aula_04/Exercicio_01/internal/usuarios/service.go:48.16,50.3 1 0
github.com/CaiqueSM/bootcamp-golang.git/go-web/Aula_04/Exercicio_01/internal/usuarios/service.go:54.96,56.2 1 1
github.com/CaiqueSM/bootcamp-golang.git/go-web/Aula_04/Exercicio_01/internal/usuarios/service.go:58.41,60.16 2 1
github.com/CaiqueSM/bootcamp-golang.git/go-web/Aula_04/Exercicio_01/internal/usuarios/service.go:63.2,63.12 1 1
github.com/CaiqueSM/bootcamp-golang.git/go-web/Aula_04/Exercicio_01/internal/usuarios/service.go:60.16,62.3 1 1
